2018-08-30 09:51:52.922  INFO 9436 --- [main] ru.gzpn.spc.csl.Application              : Starting Application on VOR02-WS-117 with PID 9436 (C:\Users\koryakov.rv.GAZPROM-NEFT\eclipse-workspace-ph\gzpn-spc-csl\bin\main started by koryakov.rv in C:\Users\koryakov.rv.GAZPROM-NEFT\eclipse-workspace-ph\gzpn-spc-csl)
2018-08-30 09:51:52.928 DEBUG 9436 --- [main] ru.gzpn.spc.csl.Application              : Running with Spring Boot v2.0.3.RELEASE, Spring v5.0.7.RELEASE
2018-08-30 09:51:52.928  INFO 9436 --- [main] ru.gzpn.spc.csl.Application              : No active profile set, falling back to default profiles: default
2018-08-30 09:51:53.202  INFO 9436 --- [main] ConfigServletWebServerApplicationContext : Refreshing org.springframework.boot.web.servlet.context.AnnotationConfigServletWebServerApplicationContext@55141def: startup date [Thu Aug 30 09:51:53 MSK 2018]; root of context hierarchy
2018-08-30 09:51:54.061  INFO 9436 --- [main] o.s.b.f.s.DefaultListableBeanFactory     : Overriding bean definition for bean 'dataSource' with a different definition: replacing [Root bean: class [null]; scope=; abstract=false; lazyInit=false; autowireMode=3; dependencyCheck=0; autowireCandidate=true; primary=false; factoryBeanName=org.springframework.boot.autoconfigure.jdbc.DataSourceConfiguration$Dbcp2; factoryMethodName=dataSource; initMethodName=null; destroyMethodName=(inferred); defined in class path resource [org/springframework/boot/autoconfigure/jdbc/DataSourceConfiguration$Dbcp2.class]] with [Root bean: class [null]; scope=; abstract=false; lazyInit=false; autowireMode=3; dependencyCheck=0; autowireCandidate=true; primary=false; factoryBeanName=org.springframework.boot.autoconfigure.jdbc.DataSourceConfiguration$Hikari; factoryMethodName=dataSource; initMethodName=null; destroyMethodName=(inferred); defined in class path resource [org/springframework/boot/autoconfigure/jdbc/DataSourceConfiguration$Hikari.class]]
2018-08-30 09:51:54.270  WARN 9436 --- [main] o.s.c.a.ConfigurationClassPostProcessor  : Cannot enhance @Configuration bean definition 'com.vaadin.spring.VaadinConfiguration' since its singleton instance has been created too early. The typical cause is a non-static @Bean method with a BeanDefinitionRegistryPostProcessor return type: Consider declaring such methods as 'static'.
2018-08-30 09:51:54.657  INFO 9436 --- [main] trationDelegate$BeanPostProcessorChecker : Bean 'org.springframework.transaction.annotation.ProxyTransactionManagementConfiguration' of type [org.springframework.transaction.annotation.ProxyTransactionManagementConfiguration$$EnhancerBySpringCGLIB$$49639d0f] is not eligible for getting processed by all BeanPostProcessors (for example: not eligible for auto-proxying)
2018-08-30 09:51:55.014  INFO 9436 --- [main] o.s.b.w.embedded.tomcat.TomcatWebServer  : Tomcat initialized with port(s): 8081 (http)
2018-08-30 09:51:55.036  INFO 9436 --- [main] o.apache.catalina.core.StandardService   : Starting service [Tomcat]
2018-08-30 09:51:55.037  INFO 9436 --- [main] org.apache.catalina.core.StandardEngine  : Starting Servlet Engine: Apache Tomcat/8.5.31
2018-08-30 09:51:55.041  INFO 9436 --- [localhost-startStop-1] o.a.catalina.core.AprLifecycleListener   : The APR based Apache Tomcat Native library which allows optimal performance in production environments was not found on the java.library.path: [C:\Program Files\Java\jre1.8.0_131\bin;C:\Windows\Sun\Java\bin;C:\Windows\system32;C:\Windows;C:/Program Files/Java/jre1.8.0_131/bin/server;C:/Program Files/Java/jre1.8.0_131/bin;C:/Program Files/Java/jre1.8.0_131/lib/amd64;C:\Program Files (x86)\SAP\IDE\IDE70\eclipse;C:\Program Files (x86)\Common Files\Oracle\Java\javapath;C:\ProgramData\Oracle\Java\javapath;c:\Program Files (x86)\Intel\iCLS Client\;c:\Program Files\Intel\iCLS Client\;C:\Windows\system32;C:\Windows;C:\Windows\System32\Wbem;C:\Windows\System32\WindowsPowerShell\v1.0\;C:\Program Files\Intel\Intel(R) Management Engine Components\DAL;C:\Program Files\Intel\Intel(R) Management Engine Components\IPT;C:\Program Files (x86)\Intel\Intel(R) Management Engine Components\DAL;C:\Program Files (x86)\Intel\Intel(R) Management Engine Components\IPT;C:\Program Files\7-Zip;C:\install\eclipse-jee-photon-R-win32-x86_64\eclipse;;.]
2018-08-30 09:51:55.255  INFO 9436 --- [localhost-startStop-1] o.a.c.c.C.[Tomcat].[localhost].[/demo]   : Initializing Spring embedded WebApplicationContext
2018-08-30 09:51:55.255  INFO 9436 --- [localhost-startStop-1] o.s.web.context.ContextLoader            : Root WebApplicationContext: initialization completed in 2053 ms
2018-08-30 09:51:55.366  INFO 9436 --- [localhost-startStop-1] c.v.s.b.i.VaadinServletConfiguration     : Registering Vaadin servlet
2018-08-30 09:51:55.366  INFO 9436 --- [localhost-startStop-1] c.v.s.b.i.VaadinServletConfiguration     : Servlet will be mapped to URLs [/vaadinServlet/*, /VAADIN/*]
2018-08-30 09:51:55.380  INFO 9436 --- [localhost-startStop-1] c.v.s.b.i.VaadinServletConfiguration     : Setting servlet init parameters
2018-08-30 09:51:55.380  INFO 9436 --- [localhost-startStop-1] c.v.s.b.i.VaadinServletConfiguration     : Set servlet init parameter [productionMode] = [false]
2018-08-30 09:51:55.381  INFO 9436 --- [localhost-startStop-1] c.v.s.b.i.VaadinServletConfiguration     : Set servlet init parameter [resourceCacheTime] = [3600]
2018-08-30 09:51:55.381  INFO 9436 --- [localhost-startStop-1] c.v.s.b.i.VaadinServletConfiguration     : Set servlet init parameter [heartbeatInterval] = [15]
2018-08-30 09:51:55.381  INFO 9436 --- [localhost-startStop-1] c.v.s.b.i.VaadinServletConfiguration     : Set servlet init parameter [closeIdleSessions] = [true]
2018-08-30 09:51:55.706 ERROR 9436 --- [localhost-startStop-1] o.s.b.web.embedded.tomcat.TomcatStarter  : Error starting Tomcat context. Exception: org.springframework.beans.factory.BeanCreationException. Message: Error creating bean with name 'servletEndpointRegistrar' defined in class path resource [org/springframework/boot/actuate/autoconfigure/endpoint/web/ServletEndpointManagementContextConfiguration$WebMvcServletEndpointManagementContextConfiguration.class]: Bean instantiation via factory method failed; nested exception is org.springframework.beans.BeanInstantiationException: Failed to instantiate [org.springframework.boot.actuate.endpoint.web.ServletEndpointRegistrar]: Factory method 'servletEndpointRegistrar' threw exception; nested exception is org.springframework.beans.factory.BeanCreationException: Error creating bean with name 'healthEndpoint' defined in class path resource [org/springframework/boot/actuate/autoconfigure/health/HealthEndpointConfiguration.class]: Bean instantiation via factory method failed; nested exception is org.springframework.beans.BeanInstantiationException: Failed to instantiate [org.springframework.boot.actuate.health.HealthEndpoint]: Factory method 'healthEndpoint' threw exception; nested exception is org.springframework.beans.factory.BeanCreationException: Error creating bean with name 'org.springframework.boot.actuate.autoconfigure.jdbc.DataSourceHealthIndicatorAutoConfiguration': Bean instantiation via constructor failed; nested exception is org.springframework.beans.BeanInstantiationException: Failed to instantiate [org.springframework.boot.actuate.autoconfigure.jdbc.DataSourceHealthIndicatorAutoConfiguration$$EnhancerBySpringCGLIB$$b847ee95]: Constructor threw exception; nested exception is org.springframework.beans.factory.BeanCreationException: Error creating bean with name 'dataSource' defined in class path resource [org/springframework/boot/autoconfigure/jdbc/DataSourceConfiguration$Hikari.class]: Bean instantiation via factory method failed; nested exception is org.springframework.beans.BeanInstantiationException: Failed to instantiate [com.zaxxer.hikari.HikariDataSource]: Factory method 'dataSource' threw exception; nested exception is org.springframework.boot.autoconfigure.jdbc.DataSourceProperties$DataSourceBeanCreationException: Failed to determine a suitable driver class
2018-08-30 09:51:55.725  INFO 9436 --- [main] o.apache.catalina.core.StandardService   : Stopping service [Tomcat]
2018-08-30 09:51:55.733  WARN 9436 --- [main] ConfigServletWebServerApplicationContext : Exception encountered during context initialization - cancelling refresh attempt: org.springframework.context.ApplicationContextException: Unable to start web server; nested exception is org.springframework.boot.web.server.WebServerException: Unable to start embedded Tomcat
2018-08-30 09:51:55.744  INFO 9436 --- [main] ConditionEvaluationReportLoggingListener : 

Error starting ApplicationContext. To display the conditions report re-run your application with 'debug' enabled.
2018-08-30 09:51:55.746 ERROR 9436 --- [main] o.s.b.d.LoggingFailureAnalysisReporter   : 

***************************
APPLICATION FAILED TO START
***************************

Description:

Failed to configure a DataSource: 'url' attribute is not specified and no embedded datasource could be configured.

Reason: Failed to determine a suitable driver class


Action:

Consider the following:
	If you want an embedded database (H2, HSQL or Derby), please put it on the classpath.
	If you have database settings to be loaded from a particular profile you may need to activate it (no profiles are currently active).

